<?xml version="1.0" encoding="UTF-8"?>
<testng-results skipped="0" failed="0" total="1" passed="1">
  <reporter-output>
  </reporter-output>
  <suite name="Default suite" duration-ms="53070" started-at="2019-06-28T11:39:31Z" finished-at="2019-06-28T11:40:24Z">
    <groups>
    </groups>
    <test name="Default test" duration-ms="53070" started-at="2019-06-28T11:39:31Z" finished-at="2019-06-28T11:40:24Z">
      <class name="TestScripts.InterpretingPriceMatrices">
        <test-method status="PASS" signature="setUp()[pri:0, instance:TestScripts.InterpretingPriceMatrices@edf4efb]" name="setUp" is-config="true" duration-ms="288" started-at="2019-06-28T17:09:31Z" finished-at="2019-06-28T17:09:31Z">
          <reporter-output>
          </reporter-output>
        </test-method> <!-- setUp -->
        <test-method status="PASS" signature="AddPriceMatrix()[pri:0, instance:TestScripts.InterpretingPriceMatrices@edf4efb]" name="AddPriceMatrix" duration-ms="53063" started-at="2019-06-28T17:09:31Z" finished-at="2019-06-28T17:10:24Z">
          <reporter-output>
          </reporter-output>
        </test-method> <!-- AddPriceMatrix -->
        <test-method status="PASS" signature="getResult(org.testng.ITestResult)[pri:0, instance:TestScripts.InterpretingPriceMatrices@edf4efb]" name="getResult" is-config="true" duration-ms="0" started-at="2019-06-28T17:10:24Z" finished-at="2019-06-28T17:10:24Z">
          <params>
            <param index="0">
              <value>
                <![CDATA[[TestResult name=AddPriceMatrix status=SUCCESS method=InterpretingPriceMatrices.AddPriceMatrix()[pri:0, instance:TestScripts.InterpretingPriceMatrices@edf4efb] output={null}]]]>
              </value>
            </param>
          </params>
          <reporter-output>
          </reporter-output>
        </test-method> <!-- getResult -->
        <test-method status="PASS" signature="teardown()[pri:0, instance:TestScripts.InterpretingPriceMatrices@edf4efb]" name="teardown" is-config="true" duration-ms="8864" started-at="2019-06-28T17:10:24Z" finished-at="2019-06-28T17:10:33Z">
          <reporter-output>
          </reporter-output>
        </test-method> <!-- teardown -->
      </class> <!-- TestScripts.InterpretingPriceMatrices -->
    </test> <!-- Default test -->
  </suite> <!-- Default suite -->
</testng-results>
